2026-03-06 09:56:19,372 - mos_sync - INFO - Индексы созданы/проверены
2026-03-06 09:56:19,372 - mos_sync - INFO - 👨‍🏫 Начало синхронизации учителей
2026-03-06 09:56:19,586 - mos_sync - ERROR - HTTP ошибка 403: https://school.mos.ru/api/ej/core/teacher/v1/teacher_profiles
2026-03-06 09:56:19,586 - mos_sync - INFO - Получено учителей: 0
2026-03-06 09:56:19,586 - mos_sync - WARNING - Нет данных для сохранения
2026-03-06 09:56:19,586 - mos_sync - INFO - ✅ Синхронизация учителей завершена
2026-03-06 09:56:19,612 - mos_sync - INFO - Соединения закрыты
2026-03-06 09:59:40,762 - mos_sync - INFO - Индексы созданы/проверены
2026-03-06 09:59:40,762 - mos_sync - INFO - 👨‍🏫 Начало синхронизации учителей
2026-03-06 09:59:41,070 - mos_sync - ERROR - HTTP ошибка 401: https://school.mos.ru/api/ej/core/teacher/v1/teacher_profiles
2026-03-06 09:59:41,071 - mos_sync - INFO - Получено учителей: 0
2026-03-06 09:59:41,071 - mos_sync - WARNING - Нет данных для сохранения
2026-03-06 09:59:41,071 - mos_sync - INFO - ✅ Синхронизация учителей завершена
2026-03-06 09:59:41,077 - mos_sync - INFO - Соединения закрыты
2026-03-06 10:03:54,991 - mos_sync - INFO - Индексы созданы/проверены
2026-03-06 10:03:54,991 - mos_sync - INFO - 👨‍🏫 Начало синхронизации учителей
2026-03-06 10:03:57,562 - mos_sync - INFO - Получено учителей: 352
2026-03-06 10:03:57,599 - mos_sync - INFO - Сохранено: +288 создано, 0 обновлено, 0 деактивировано
2026-03-06 10:03:57,599 - mos_sync - INFO - ✅ Синхронизация учителей завершена
2026-03-06 10:03:57,607 - mos_sync - INFO - Соединения закрыты
2026-03-06 10:12:32,486 - mos_sync - INFO - Индексы созданы/проверены
2026-03-06 10:12:32,486 - mos_sync - INFO - 🚀 Начало полной синхронизации
2026-03-06 10:12:32,486 - mos_sync - INFO - 👨‍🏫 Начало синхронизации учителей
2026-03-06 10:12:41,342 - mos_sync - INFO - Получено учителей: 352
2026-03-06 10:12:41,362 - mos_sync - INFO - Сохранено: +0 создано, 288 обновлено, 0 деактивировано
2026-03-06 10:12:41,362 - mos_sync - INFO - ✅ Синхронизация учителей завершена
2026-03-06 10:12:41,363 - mos_sync - INFO - 👨‍🎓 Начало синхронизации учеников и родителей
2026-03-06 10:12:41,509 - mos_sync - INFO - Получено классов: 185
2026-03-06 10:12:48,475 - mos_sync - INFO - Собрано: 4177 учеников, 4878 родителей
2026-03-06 10:12:49,119 - mos_sync - INFO - Сохранено: +9052 создано, 3 обновлено, 0 деактивировано
2026-03-06 10:12:49,121 - mos_sync - INFO - ✅ Полная синхронизация завершена
2026-03-06 10:12:49,138 - mos_sync - INFO - Соединения закрыты
2026-03-06 10:22:37,460 - mos_sync - INFO - Индексы созданы/проверены в school.users
2026-03-06 10:22:37,460 - mos_sync - INFO - 👨‍🏫 Начало синхронизации учителей
2026-03-06 10:22:41,615 - mos_sync - INFO - Получено учителей: 352
2026-03-06 10:22:57,456 - mos_sync - INFO - Сохранено: +0 создано, 288 обновлено, 0 деактивировано
2026-03-06 10:22:57,456 - mos_sync - INFO - ✅ Синхронизация учителей завершена
2026-03-06 10:22:57,469 - mos_sync - INFO - Соединения закрыты
2026-03-06 10:31:06,865 - mos_sync - INFO - Получение контактов из Sferum...
2026-03-06 10:31:08,423 - mos_sync - INFO - Получено 3450 контактов из Sferum
2026-03-06 10:31:08,455 - mos_sync - INFO - Индексы созданы/проверены в school.users
2026-03-06 10:31:08,455 - mos_sync - INFO - Режим MAX: включен
2026-03-06 10:31:08,455 - mos_sync - INFO - 👨‍🏫 Начало синхронизации учителей
2026-03-06 10:31:12,278 - mos_sync - INFO - Получено учителей: 352
2026-03-06 10:31:24,123 - mos_sync - INFO - Сохранено: +288 создано, 0 обновлено, 0 деактивировано
2026-03-06 10:31:24,124 - mos_sync - INFO - ✅ Синхронизация учителей завершена
2026-03-06 10:31:24,129 - mos_sync - INFO - Соединения закрыты
2026-03-06 11:04:15,000 - mos_sync - INFO - Получение контактов из Sferum...
2026-03-06 11:04:15,936 - mos_sync - INFO - Получено 3451 контактов из Sferum
2026-03-06 11:04:15,965 - mos_sync - INFO - Индексы созданы/проверены в school.users
2026-03-06 11:04:15,965 - mos_sync - INFO - Режим MAX: включен
2026-03-06 11:04:15,965 - mos_sync - INFO - 👨‍🏫 Начало синхронизации учителей
2026-03-06 11:04:18,373 - mos_sync - INFO - Получено учителей: 352
2026-03-06 11:04:27,302 - mos_sync - INFO - Сохранено: +0 создано, 288 обновлено, 0 деактивировано
2026-03-06 11:04:27,302 - mos_sync - INFO - ✅ Синхронизация учителей завершена
2026-03-06 11:04:27,308 - mos_sync - INFO - Соединения закрыты
2026-03-06 11:14:19,498 - mos_sync - INFO - Получение контактов из Sferum...
2026-03-06 11:14:20,683 - mos_sync - INFO - Получено 3451 контактов из Sferum
2026-03-06 11:14:20,683 - mos_sync - INFO - Загружено 3451 контактов из Sferum
2026-03-06 11:14:20,694 - mos_sync - INFO - Индексы созданы/проверены в school.users
2026-03-06 11:14:20,694 - mos_sync - INFO - Режим MAX: включен
2026-03-06 11:14:20,694 - mos_sync - INFO - 👨‍🏫 Начало синхронизации учителей
2026-03-06 11:14:23,974 - mos_sync - INFO - Получено учителей: 352
2026-03-06 11:15:50,522 - mos_sync - INFO - Сохранено: +0 создано, 288 обновлено, 0 деактивировано
2026-03-06 11:15:50,522 - mos_sync - INFO - ✅ Синхронизация учителей завершена
2026-03-06 11:15:50,528 - mos_sync - INFO - Соединения закрыты
2026-03-06 13:01:20,447 - mos_sync - INFO - Индексы созданы/проверены в school.users
2026-03-06 13:01:20,447 - mos_sync - INFO - Режим MAX: выключен
2026-03-06 13:01:20,448 - mos_sync - INFO - 👨‍🏫 Начало синхронизации учителей
2026-03-06 13:01:21,151 - mos_sync - INFO - Получено учителей: 352
2026-03-06 13:01:21,151 - mos_sync - ERROR - Критическая ошибка
Traceback (most recent call last):
  File "C:\Users\kiryx\PycharmProjects\UserService\sync1298-2026\main.py", line 825, in run
    stats = orchestrator.sync_teachers(deactivate=True)
  File "C:\Users\kiryx\PycharmProjects\UserService\sync1298-2026\main.py", line 571, in sync_teachers
    processed = self.data_processor.process_teacher_data(teacher, self.include_max)
  File "C:\Users\kiryx\PycharmProjects\UserService\sync1298-2026\main.py", line 337, in process_teacher_data
    'email':self.find_teacher_by_name(teacher_info['fullname']),
                                      ~~~~~~~~~~~~^^^^^^^^^^^^
KeyError: 'fullname'
2026-03-06 13:01:21,156 - mos_sync - INFO - Соединения закрыты
2026-03-06 13:01:48,171 - mos_sync - INFO - Индексы созданы/проверены в school.users
2026-03-06 13:01:48,171 - mos_sync - INFO - Режим MAX: выключен
2026-03-06 13:01:48,171 - mos_sync - INFO - 👨‍🏫 Начало синхронизации учителей
2026-03-06 13:01:48,788 - mos_sync - INFO - Получено учителей: 352
2026-03-06 13:01:48,788 - mos_sync - ERROR - Критическая ошибка
Traceback (most recent call last):
  File "C:\Users\kiryx\PycharmProjects\UserService\sync1298-2026\main.py", line 825, in run
    stats = orchestrator.sync_teachers(deactivate=True)
  File "C:\Users\kiryx\PycharmProjects\UserService\sync1298-2026\main.py", line 571, in sync_teachers
    processed = self.data_processor.process_teacher_data(teacher, self.include_max)
  File "C:\Users\kiryx\PycharmProjects\UserService\sync1298-2026\main.py", line 337, in process_teacher_data
    'email':self.find_teacher_by_name(teacher_info['full_name']),
            ~~~~~~~~~~~~~~~~~~~~~~~~~^^^^^^^^^^^^^^^^^^^^^^^^^^^
  File "C:\Users\kiryx\PycharmProjects\UserService\sync1298-2026\main.py", line 326, in find_teacher_by_name
    return self.school_data[name]
           ~~~~~~~~~~~~~~~~^^^^^^
KeyError: 'Абашеев Булат Батожапович'
2026-03-06 13:01:48,792 - mos_sync - INFO - Соединения закрыты
2026-03-06 13:03:13,166 - mos_sync - INFO - Индексы созданы/проверены в school.users
2026-03-06 13:03:13,166 - mos_sync - INFO - Режим MAX: выключен
2026-03-06 13:03:13,166 - mos_sync - INFO - 👨‍🏫 Начало синхронизации учителей
2026-03-06 13:03:13,796 - mos_sync - INFO - Получено учителей: 352
2026-03-06 13:03:13,827 - mos_sync - INFO - Сохранено: +0 создано, 288 обновлено, 0 деактивировано
2026-03-06 13:03:13,827 - mos_sync - INFO - ✅ Синхронизация учителей завершена
2026-03-06 13:03:13,833 - mos_sync - INFO - Соединения закрыты
2026-03-06 13:05:46,057 - mos_sync - INFO - Индексы созданы/проверены в school.users
2026-03-06 13:05:46,057 - mos_sync - INFO - Режим MAX: выключен
2026-03-06 13:05:46,058 - mos_sync - INFO - 👨‍🏫 Начало синхронизации учителей
2026-03-06 13:05:46,690 - mos_sync - INFO - Получено учителей: 352
2026-03-06 13:05:46,709 - mos_sync - INFO - Сохранено: +0 создано, 288 обновлено, 0 деактивировано
2026-03-06 13:05:46,709 - mos_sync - INFO - ✅ Синхронизация учителей завершена
2026-03-06 13:05:46,715 - mos_sync - INFO - Соединения закрыты
